<?xml version="1.0" encoding="UTF-8"?>
<!-- Generated by org.testng.reporters.JUnitReportReporter -->
<testsuite hostname="Argano-9P32ZP3" failures="0" tests="3" name="com.qa.AD_ID.tests.LabelsAndTagsConfiguration" time="308.821" errors="0" timestamp="2023-10-18T15:29:58 IST" skipped="0">
  <testcase classname="com.qa.AD_ID.tests.LabelsAndTagsConfiguration" name="logintoCPQ" time="7.768"/>
  <system-out/>
  <testcase classname="com.qa.AD_ID.tests.LabelsAndTagsConfiguration" name="labelsAndTagsConfiguration" time="289.696"/>
  <system-out/>
  <testcase classname="com.qa.AD_ID.tests.LabelsAndTagsConfiguration" name="LoginToSalesCloud" time="11.357"/>
  <system-out/>
</testsuite> <!-- com.qa.AD_ID.tests.LabelsAndTagsConfiguration -->
