<?xml version="1.0" encoding="UTF-8"?>
<!-- Generated by org.testng.reporters.JUnitReportReporter -->
<testsuite hostname="Argano-9P32ZP3" failures="0" tests="1" name="com.qa.AD_ID.tests.LabelsAndTagsConfiguration" time="307.314" errors="0" timestamp="2023-10-17T13:20:09 IST" skipped="0">
  <testcase classname="com.qa.AD_ID.tests.LabelsAndTagsConfiguration" name="labelsAndTagsConfiguration" time="307.314"/>
  <system-out/>
</testsuite> <!-- com.qa.AD_ID.tests.LabelsAndTagsConfiguration -->
